app/build/intermediates/manifest_merge_blame_file/debug/manifest-merger-blame-debug-report.txt
1<?xml version="1.0" encoding="utf-8"?>
2<manifest xmlns:android="http://schemas.android.com/apk/res/android"
3    package="com.projem.neredesinsenv4"
4    android:versionCode="1"
5    android:versionName="1.0" >
6
7    <uses-sdk
8        android:minSdkVersion="26"
8-->src\main\AndroidManifest.xml
9        android:targetSdkVersion="30" />
9-->src\main\AndroidManifest.xml
10    <!--
11         The ACCESS_COARSE/FINE_LOCATION permissions are not required to use
12         Google Maps Android API v2, but you must specify either coarse or fine
13         location permissions for the "MyLocation" functionality.
14    -->
15    <uses-permission android:name="android.permission.ACCESS_FINE_LOCATION" />
15-->src\main\AndroidManifest.xml:9:5-79
15-->src\main\AndroidManifest.xml:9:22-76
16
17    <!-- Include required permissions for Google Maps API to run. -->
18    <uses-permission android:name="android.permission.ACCESS_NETWORK_STATE" />
18-->[com.google.android.gms:play-services-maps:17.0.0] AndroidManifest.xml:23:5-79
18-->[com.google.android.gms:play-services-maps:17.0.0] AndroidManifest.xml:23:22-76
19    <uses-permission android:name="android.permission.INTERNET" />
19-->[com.google.android.gms:play-services-maps:17.0.0] AndroidManifest.xml:24:5-67
19-->[com.google.android.gms:play-services-maps:17.0.0] AndroidManifest.xml:24:22-64
20
21    <uses-feature
21-->[com.google.android.gms:play-services-maps:17.0.0] AndroidManifest.xml:26:5-28:35
22        android:glEsVersion="0x00020000"
22-->[com.google.android.gms:play-services-maps:17.0.0] AndroidManifest.xml:27:9-41
23        android:required="true" />
23-->[com.google.android.gms:play-services-maps:17.0.0] AndroidManifest.xml:28:9-32
24
25    <application
25-->src\main\AndroidManifest.xml:11:5-61:19
26        android:allowBackup="true"
26-->src\main\AndroidManifest.xml:13:9-35
27        android:appComponentFactory="androidx.core.app.CoreComponentFactory"
27-->[androidx.core:core:1.3.1] AndroidManifest.xml:24:18-86
28        android:debuggable="true"
29        android:extractNativeLibs="false"
30        android:icon="@drawable/iconyeni"
30-->src\main\AndroidManifest.xml:14:9-42
31        android:label="Neredesin Sen"
31-->src\main\AndroidManifest.xml:15:9-38
32        android:roundIcon="@mipmap/ic_launcher_round"
32-->src\main\AndroidManifest.xml:16:9-54
33        android:supportsRtl="true"
33-->src\main\AndroidManifest.xml:17:9-35
34        android:testOnly="true"
35        android:theme="@style/Theme.NeredesinSenV4" >
35-->src\main\AndroidManifest.xml:18:9-52
36        <activity
36-->src\main\AndroidManifest.xml:19:9-28:20
37            android:name="com.projem.neredesinsenv4.SplashActivity"
37-->src\main\AndroidManifest.xml:19:19-49
38            android:theme="@style/Theme.AppCompat.NoActionBar" >
38-->src\main\AndroidManifest.xml:20:13-63
39            <intent-filter>
39-->src\main\AndroidManifest.xml:23:13-27:29
40                <action android:name="android.intent.action.MAIN" />
40-->src\main\AndroidManifest.xml:24:17-69
40-->src\main\AndroidManifest.xml:24:25-66
41
42                <category android:name="android.intent.category.LAUNCHER" />
42-->src\main\AndroidManifest.xml:26:17-77
42-->src\main\AndroidManifest.xml:26:27-74
43            </intent-filter>
44        </activity>
45        <!--
46             The API key for Google Maps-based APIs is defined as a string resource.
47             (See the file "res/values/google_maps_api.xml").
48             Note that the API key is linked to the encryption key used to sign the APK.
49             You need a different API key for each encryption key, including the release key that is used to
50             sign the APK for publishing.
51             You can define the keys for the debug and release targets in src/debug/ and src/release/.
52        -->
53        <meta-data
53-->src\main\AndroidManifest.xml:37:9-39:55
54            android:name="com.google.android.geo.API_KEY"
54-->src\main\AndroidManifest.xml:38:13-58
55            android:value="@string/google_maps_key" />
55-->src\main\AndroidManifest.xml:39:13-52
56
57        <activity
57-->src\main\AndroidManifest.xml:41:9-43:60
58            android:name="com.projem.neredesinsenv4.MapsActivity4"
58-->src\main\AndroidManifest.xml:42:13-42
59            android:label="@string/title_activity_maps4" />
59-->src\main\AndroidManifest.xml:43:13-57
60        <activity
60-->src\main\AndroidManifest.xml:44:9-89
61            android:name="com.projem.neredesinsenv4.KisiSilActivity"
61-->src\main\AndroidManifest.xml:44:19-50
62            android:screenOrientation="portrait" />
62-->src\main\AndroidManifest.xml:44:51-87
63        <activity
63-->src\main\AndroidManifest.xml:45:9-93
64            android:name="com.projem.neredesinsenv4.KisiDuzenleActivity"
64-->src\main\AndroidManifest.xml:45:19-54
65            android:screenOrientation="portrait" />
65-->src\main\AndroidManifest.xml:45:55-91
66        <activity
66-->src\main\AndroidManifest.xml:46:9-48:60
67            android:name="com.projem.neredesinsenv4.MapsActivity3"
67-->src\main\AndroidManifest.xml:47:13-42
68            android:label="@string/title_activity_maps3" />
68-->src\main\AndroidManifest.xml:48:13-57
69        <activity
69-->src\main\AndroidManifest.xml:49:9-90
70            android:name="com.projem.neredesinsenv4.KisiEkleActivity"
70-->src\main\AndroidManifest.xml:49:19-51
71            android:screenOrientation="portrait" />
71-->src\main\AndroidManifest.xml:49:52-88
72        <activity android:name="com.projem.neredesinsenv4.InfoActivity" />
72-->src\main\AndroidManifest.xml:50:9-50
72-->src\main\AndroidManifest.xml:50:19-47
73        <activity
73-->src\main\AndroidManifest.xml:51:9-53:60
74            android:name="com.projem.neredesinsenv4.MapsActivity2"
74-->src\main\AndroidManifest.xml:52:13-42
75            android:label="@string/title_activity_maps2" />
75-->src\main\AndroidManifest.xml:53:13-57
76        <activity
76-->src\main\AndroidManifest.xml:54:9-56:59
77            android:name="com.projem.neredesinsenv4.MapsActivity"
77-->src\main\AndroidManifest.xml:55:13-41
78            android:label="@string/title_activity_maps" />
78-->src\main\AndroidManifest.xml:56:13-56
79        <activity
79-->src\main\AndroidManifest.xml:57:9-59:20
80            android:name="com.projem.neredesinsenv4.SignUpActivity"
80-->src\main\AndroidManifest.xml:57:19-49
81            android:screenOrientation="portrait" >
81-->src\main\AndroidManifest.xml:57:50-86
82        </activity>
83        <activity
83-->src\main\AndroidManifest.xml:60:9-86
84            android:name="com.projem.neredesinsenv4.MainActivity"
84-->src\main\AndroidManifest.xml:60:19-47
85            android:screenOrientation="portrait" />
85-->src\main\AndroidManifest.xml:60:48-84
86        <!-- Needs to be explicitly declared on P+ -->
87        <uses-library
87-->[com.google.android.gms:play-services-maps:17.0.0] AndroidManifest.xml:33:9-35:40
88            android:name="org.apache.http.legacy"
88-->[com.google.android.gms:play-services-maps:17.0.0] AndroidManifest.xml:34:13-50
89            android:required="false" />
89-->[com.google.android.gms:play-services-maps:17.0.0] AndroidManifest.xml:35:13-37
90
91        <activity
91-->[com.google.firebase:firebase-auth:20.0.1] AndroidManifest.xml:27:9-44:20
92            android:name="com.google.firebase.auth.internal.GenericIdpActivity"
92-->[com.google.firebase:firebase-auth:20.0.1] AndroidManifest.xml:28:13-80
93            android:excludeFromRecents="true"
93-->[com.google.firebase:firebase-auth:20.0.1] AndroidManifest.xml:29:13-46
94            android:exported="true"
94-->[com.google.firebase:firebase-auth:20.0.1] AndroidManifest.xml:30:13-36
95            android:launchMode="singleTask"
95-->[com.google.firebase:firebase-auth:20.0.1] AndroidManifest.xml:31:13-44
96            android:theme="@android:style/Theme.Translucent.NoTitleBar" >
96-->[com.google.firebase:firebase-auth:20.0.1] AndroidManifest.xml:32:13-72
97            <intent-filter>
97-->[com.google.firebase:firebase-auth:20.0.1] AndroidManifest.xml:33:13-43:29
98                <action android:name="android.intent.action.VIEW" />
98-->[com.google.firebase:firebase-auth:20.0.1] AndroidManifest.xml:34:17-69
98-->[com.google.firebase:firebase-auth:20.0.1] AndroidManifest.xml:34:25-66
99
100                <category android:name="android.intent.category.DEFAULT" />
100-->[com.google.firebase:firebase-auth:20.0.1] AndroidManifest.xml:36:17-76
100-->[com.google.firebase:firebase-auth:20.0.1] AndroidManifest.xml:36:27-73
101                <category android:name="android.intent.category.BROWSABLE" />
101-->[com.google.firebase:firebase-auth:20.0.1] AndroidManifest.xml:37:17-78
101-->[com.google.firebase:firebase-auth:20.0.1] AndroidManifest.xml:37:27-75
102
103                <data
103-->[com.google.firebase:firebase-auth:20.0.1] AndroidManifest.xml:39:17-42:51
104                    android:host="firebase.auth"
104-->[com.google.firebase:firebase-auth:20.0.1] AndroidManifest.xml:40:21-49
105                    android:path="/"
105-->[com.google.firebase:firebase-auth:20.0.1] AndroidManifest.xml:41:21-37
106                    android:scheme="genericidp" />
106-->[com.google.firebase:firebase-auth:20.0.1] AndroidManifest.xml:42:21-48
107            </intent-filter>
108        </activity>
109        <activity
109-->[com.google.firebase:firebase-auth:20.0.1] AndroidManifest.xml:45:9-62:20
110            android:name="com.google.firebase.auth.internal.RecaptchaActivity"
110-->[com.google.firebase:firebase-auth:20.0.1] AndroidManifest.xml:46:13-79
111            android:excludeFromRecents="true"
111-->[com.google.firebase:firebase-auth:20.0.1] AndroidManifest.xml:47:13-46
112            android:exported="true"
112-->[com.google.firebase:firebase-auth:20.0.1] AndroidManifest.xml:48:13-36
113            android:launchMode="singleTask"
113-->[com.google.firebase:firebase-auth:20.0.1] AndroidManifest.xml:49:13-44
114            android:theme="@android:style/Theme.Translucent.NoTitleBar" >
114-->[com.google.firebase:firebase-auth:20.0.1] AndroidManifest.xml:50:13-72
115            <intent-filter>
115-->[com.google.firebase:firebase-auth:20.0.1] AndroidManifest.xml:51:13-61:29
116                <action android:name="android.intent.action.VIEW" />
116-->[com.google.firebase:firebase-auth:20.0.1] AndroidManifest.xml:34:17-69
116-->[com.google.firebase:firebase-auth:20.0.1] AndroidManifest.xml:34:25-66
117
118                <category android:name="android.intent.category.DEFAULT" />
118-->[com.google.firebase:firebase-auth:20.0.1] AndroidManifest.xml:36:17-76
118-->[com.google.firebase:firebase-auth:20.0.1] AndroidManifest.xml:36:27-73
119                <category android:name="android.intent.category.BROWSABLE" />
119-->[com.google.firebase:firebase-auth:20.0.1] AndroidManifest.xml:37:17-78
119-->[com.google.firebase:firebase-auth:20.0.1] AndroidManifest.xml:37:27-75
120
121                <data
121-->[com.google.firebase:firebase-auth:20.0.1] AndroidManifest.xml:39:17-42:51
122                    android:host="firebase.auth"
122-->[com.google.firebase:firebase-auth:20.0.1] AndroidManifest.xml:40:21-49
123                    android:path="/"
123-->[com.google.firebase:firebase-auth:20.0.1] AndroidManifest.xml:41:21-37
124                    android:scheme="recaptcha" />
124-->[com.google.firebase:firebase-auth:20.0.1] AndroidManifest.xml:42:21-48
125            </intent-filter>
126        </activity>
127
128        <service
128-->[com.google.firebase:firebase-auth:20.0.1] AndroidManifest.xml:64:9-73:19
129            android:name="com.google.firebase.auth.api.fallback.service.FirebaseAuthFallbackService"
129-->[com.google.firebase:firebase-auth:20.0.1] AndroidManifest.xml:65:13-101
130            android:enabled="true"
130-->[com.google.firebase:firebase-auth:20.0.1] AndroidManifest.xml:66:13-35
131            android:exported="false" >
131-->[com.google.firebase:firebase-auth:20.0.1] AndroidManifest.xml:67:13-37
132            <intent-filter>
132-->[com.google.firebase:firebase-auth:20.0.1] AndroidManifest.xml:68:13-72:29
133                <action android:name="com.google.firebase.auth.api.gms.service.START" />
133-->[com.google.firebase:firebase-auth:20.0.1] AndroidManifest.xml:69:17-89
133-->[com.google.firebase:firebase-auth:20.0.1] AndroidManifest.xml:69:25-86
134
135                <category android:name="android.intent.category.DEFAULT" />
135-->[com.google.firebase:firebase-auth:20.0.1] AndroidManifest.xml:36:17-76
135-->[com.google.firebase:firebase-auth:20.0.1] AndroidManifest.xml:36:27-73
136            </intent-filter>
137        </service>
138        <service
138-->[com.google.firebase:firebase-auth:20.0.1] AndroidManifest.xml:74:9-80:19
139            android:name="com.google.firebase.components.ComponentDiscoveryService"
139-->[com.google.firebase:firebase-auth:20.0.1] AndroidManifest.xml:75:13-84
140            android:directBootAware="true"
140-->[com.google.firebase:firebase-common:19.4.0] AndroidManifest.xml:35:13-43
141            android:exported="false" >
141-->[com.google.firebase:firebase-auth:20.0.1] AndroidManifest.xml:76:13-37
142            <meta-data
142-->[com.google.firebase:firebase-auth:20.0.1] AndroidManifest.xml:77:13-79:85
143                android:name="com.google.firebase.components:com.google.firebase.auth.FirebaseAuthRegistrar"
143-->[com.google.firebase:firebase-auth:20.0.1] AndroidManifest.xml:78:17-109
144                android:value="com.google.firebase.components.ComponentRegistrar" />
144-->[com.google.firebase:firebase-auth:20.0.1] AndroidManifest.xml:79:17-82
145            <meta-data
145-->[com.google.firebase:firebase-firestore:22.0.0] AndroidManifest.xml:20:13-22:85
146                android:name="com.google.firebase.components:com.google.firebase.firestore.FirestoreRegistrar"
146-->[com.google.firebase:firebase-firestore:22.0.0] AndroidManifest.xml:21:17-111
147                android:value="com.google.firebase.components.ComponentRegistrar" />
147-->[com.google.firebase:firebase-firestore:22.0.0] AndroidManifest.xml:22:17-82
148            <meta-data
148-->[com.google.firebase:firebase-database:19.5.1] AndroidManifest.xml:32:13-34:85
149                android:name="com.google.firebase.components:com.google.firebase.database.DatabaseRegistrar"
149-->[com.google.firebase:firebase-database:19.5.1] AndroidManifest.xml:33:17-109
150                android:value="com.google.firebase.components.ComponentRegistrar" />
150-->[com.google.firebase:firebase-database:19.5.1] AndroidManifest.xml:34:17-82
151            <meta-data
151-->[com.google.firebase:firebase-storage:19.2.0] AndroidManifest.xml:33:13-35:85
152                android:name="com.google.firebase.components:com.google.firebase.storage.StorageRegistrar"
152-->[com.google.firebase:firebase-storage:19.2.0] AndroidManifest.xml:34:17-107
153                android:value="com.google.firebase.components.ComponentRegistrar" />
153-->[com.google.firebase:firebase-storage:19.2.0] AndroidManifest.xml:35:17-82
154        </service>
155
156        <activity
156-->[com.google.android.gms:play-services-base:17.3.0] AndroidManifest.xml:23:9-26:75
157            android:name="com.google.android.gms.common.api.GoogleApiActivity"
157-->[com.google.android.gms:play-services-base:17.3.0] AndroidManifest.xml:24:13-79
158            android:exported="false"
158-->[com.google.android.gms:play-services-base:17.3.0] AndroidManifest.xml:25:13-37
159            android:theme="@android:style/Theme.Translucent.NoTitleBar" />
159-->[com.google.android.gms:play-services-base:17.3.0] AndroidManifest.xml:26:13-72
160
161        <provider
161-->[com.google.firebase:firebase-common:19.4.0] AndroidManifest.xml:26:9-31:39
162            android:name="com.google.firebase.provider.FirebaseInitProvider"
162-->[com.google.firebase:firebase-common:19.4.0] AndroidManifest.xml:27:13-77
163            android:authorities="com.projem.neredesinsenv4.firebaseinitprovider"
163-->[com.google.firebase:firebase-common:19.4.0] AndroidManifest.xml:28:13-72
164            android:directBootAware="true"
164-->[com.google.firebase:firebase-common:19.4.0] AndroidManifest.xml:29:13-43
165            android:exported="false"
165-->[com.google.firebase:firebase-common:19.4.0] AndroidManifest.xml:30:13-37
166            android:initOrder="100" />
166-->[com.google.firebase:firebase-common:19.4.0] AndroidManifest.xml:31:13-36
167
168        <meta-data
168-->[com.google.android.gms:play-services-basement:17.3.0] AndroidManifest.xml:23:9-25:69
169            android:name="com.google.android.gms.version"
169-->[com.google.android.gms:play-services-basement:17.3.0] AndroidManifest.xml:24:13-58
170            android:value="@integer/google_play_services_version" />
170-->[com.google.android.gms:play-services-basement:17.3.0] AndroidManifest.xml:25:13-66
171    </application>
172
173</manifest>